# JRE version: Java(TM) SE Runtime Environment (8.0_40-b26) (build 1.8.0_40-b26)
# Java VM: Java HotSpot(TM) 64-Bit Server VM (25.40-b25 mixed mode linux-amd64 compressed oops)
Heap:
 PSYoungGen      total 286720K, used 4365K [0x00000000eab00000, 0x0000000100000000, 0x0000000100000000)
  eden space 224256K, 1% used [0x00000000eab00000,0x00000000eaf435d8,0x00000000f8600000)
  from space 62464K, 0% used [0x00000000f8600000,0x00000000f8600000,0x00000000fc300000)
  to   space 62464K, 0% used [0x00000000fc300000,0x00000000fc300000,0x0000000100000000)
 ParOldGen       total 449024K, used 218179K [0x00000000c0000000, 0x00000000db680000, 0x00000000eab00000)
  object space 449024K, 48% used [0x00000000c0000000,0x00000000cd510ca0,0x00000000db680000)
 Metaspace       used 256318K, capacity 262194K, committed 273728K, reserved 1273856K
  class space    used 46545K, capacity 47840K, committed 50048K, reserved 1048576K
GC Heap History (10 events):
Event: 5929.434 GC heap before
{Heap before GC invocations=72 (full 14):
 PSYoungGen      total 297472K, used 273610K [0x00000000eab00000, 0x00000000ffd00000, 0x0000000100000000)
  eden space 248832K, 100% used [0x00000000eab00000,0x00000000f9e00000,0x00000000f9e00000)
  from space 48640K, 50% used [0x00000000f9e00000,0x00000000fb632a88,0x00000000fcd80000)
  to   space 46592K, 0% used [0x00000000fcf80000,0x00000000fcf80000,0x00000000ffd00000)
 ParOldGen       total 267776K, used 200661K [0x00000000c0000000, 0x00000000d0580000, 0x00000000eab00000)
  object space 267776K, 74% used [0x00000000c0000000,0x00000000cc3f54d0,0x00000000d0580000)
 Metaspace       used 255879K, capacity 264430K, committed 264640K, reserved 1265664K
  class space    used 46762K, capacity 48877K, committed 48896K, reserved 1048576K
Event: 5929.449 GC heap after
Heap after GC invocations=72 (full 14):
 PSYoungGen      total 297472K, used 26034K [0x00000000eab00000, 0x00000000ffa00000, 0x0000000100000000)
  eden space 253952K, 0% used [0x00000000eab00000,0x00000000eab00000,0x00000000fa300000)
  from space 43520K, 59% used [0x00000000fcf80000,0x00000000fe8eca28,0x00000000ffa00000)
  to   space 44544K, 0% used [0x00000000fa300000,0x00000000fa300000,0x00000000fce80000)
 ParOldGen       total 267776K, used 200669K [0x00000000c0000000, 0x00000000d0580000, 0x00000000eab00000)
  object space 267776K, 74% used [0x00000000c0000000,0x00000000cc3f74d0,0x00000000d0580000)
 Metaspace       used 255879K, capacity 264430K, committed 264640K, reserved 1265664K
  class space    used 46762K, capacity 48877K, committed 48896K, reserved 1048576K
}
Event: 5930.134 GC heap before
{Heap before GC invocations=73 (full 14):
 PSYoungGen      total 297472K, used 279986K [0x00000000eab00000, 0x00000000ffa00000, 0x0000000100000000)
  eden space 253952K, 100% used [0x00000000eab00000,0x00000000fa300000,0x00000000fa300000)
  from space 43520K, 59% used [0x00000000fcf80000,0x00000000fe8eca28,0x00000000ffa00000)
  to   space 44544K, 0% used [0x00000000fa300000,0x00000000fa300000,0x00000000fce80000)
 ParOldGen       total 267776K, used 200669K [0x00000000c0000000, 0x00000000d0580000, 0x00000000eab00000)
  object space 267776K, 74% used [0x00000000c0000000,0x00000000cc3f74d0,0x00000000d0580000)
 Metaspace       used 255886K, capacity 264430K, committed 264640K, reserved 1265664K
  class space    used 46762K, capacity 48877K, committed 48896K, reserved 1048576K
Event: 5930.147 GC heap after
Heap after GC invocations=73 (full 14):
 PSYoungGen      total 298496K, used 27516K [0x00000000eab00000, 0x00000000fff00000, 0x0000000100000000)
  eden space 253952K, 0% used [0x00000000eab00000,0x00000000eab00000,0x00000000fa300000)
  from space 44544K, 61% used [0x00000000fa300000,0x00000000fbddf0c8,0x00000000fce80000)
  to   space 43520K, 0% used [0x00000000fd480000,0x00000000fd480000,0x00000000fff00000)
 ParOldGen       total 267776K, used 200677K [0x00000000c0000000, 0x00000000d0580000, 0x00000000eab00000)
  object space 267776K, 74% used [0x00000000c0000000,0x00000000cc3f94d0,0x00000000d0580000)
 Metaspace       used 255886K, capacity 264430K, committed 264640K, reserved 1265664K
  class space    used 46762K, capacity 48877K, committed 48896K, reserved 1048576K
}
Event: 5932.178 GC heap before
{Heap before GC invocations=74 (full 14):
 PSYoungGen      total 298496K, used 281468K [0x00000000eab00000, 0x00000000fff00000, 0x0000000100000000)
  eden space 253952K, 100% used [0x00000000eab00000,0x00000000fa300000,0x00000000fa300000)
  from space 44544K, 61% used [0x00000000fa300000,0x00000000fbddf0c8,0x00000000fce80000)
  to   space 43520K, 0% used [0x00000000fd480000,0x00000000fd480000,0x00000000fff00000)
 ParOldGen       total 267776K, used 200677K [0x00000000c0000000, 0x00000000d0580000, 0x00000000eab00000)
  object space 267776K, 74% used [0x00000000c0000000,0x00000000cc3f94d0,0x00000000d0580000)
 Metaspace       used 263151K, capacity 271712K, committed 271936K, reserved 1271808K
  class space    used 47621K, capacity 49761K, committed 49792K, reserved 1048576K
Event: 5932.222 GC heap after
Heap after GC invocations=74 (full 14):
 PSYoungGen      total 267776K, used 43494K [0x00000000eab00000, 0x0000000100000000, 0x0000000100000000)
  eden space 224256K, 0% used [0x00000000eab00000,0x00000000eab00000,0x00000000f8600000)
  from space 43520K, 99% used [0x00000000fd480000,0x00000000ffef9a70,0x00000000fff00000)
  to   space 62464K, 0% used [0x00000000f8600000,0x00000000f8600000,0x00000000fc300000)
 ParOldGen       total 267776K, used 238686K [0x00000000c0000000, 0x00000000d0580000, 0x00000000eab00000)
  object space 267776K, 89% used [0x00000000c0000000,0x00000000ce917a18,0x00000000d0580000)
 Metaspace       used 263151K, capacity 271712K, committed 271936K, reserved 1271808K
  class space    used 47621K, capacity 49761K, committed 49792K, reserved 1048576K
}
Event: 5933.598 GC heap before
{Heap before GC invocations=75 (full 14):
 PSYoungGen      total 267776K, used 267750K [0x00000000eab00000, 0x0000000100000000, 0x0000000100000000)
  eden space 224256K, 100% used [0x00000000eab00000,0x00000000f8600000,0x00000000f8600000)
  from space 43520K, 99% used [0x00000000fd480000,0x00000000ffef9a70,0x00000000fff00000)
  to   space 62464K, 0% used [0x00000000f8600000,0x00000000f8600000,0x00000000fc300000)
 ParOldGen       total 267776K, used 238686K [0x00000000c0000000, 0x00000000d0580000, 0x00000000eab00000)
  object space 267776K, 89% used [0x00000000c0000000,0x00000000ce917a18,0x00000000d0580000)
 Metaspace       used 264923K, capacity 273632K, committed 273728K, reserved 1273856K
  class space    used 47820K, capacity 49972K, committed 50048K, reserved 1048576K
Event: 5933.638 GC heap after
Heap after GC invocations=75 (full 14):
 PSYoungGen      total 286720K, used 62452K [0x00000000eab00000, 0x0000000100000000, 0x0000000100000000)
  eden space 224256K, 0% used [0x00000000eab00000,0x00000000eab00000,0x00000000f8600000)
  from space 62464K, 99% used [0x00000000f8600000,0x00000000fc2fd330,0x00000000fc300000)
  to   space 62464K, 0% used [0x00000000fc300000,0x00000000fc300000,0x0000000100000000)
 ParOldGen       total 267776K, used 253281K [0x00000000c0000000, 0x00000000d0580000, 0x00000000eab00000)
  object space 267776K, 94% used [0x00000000c0000000,0x00000000cf7587e8,0x00000000d0580000)
 Metaspace       used 264923K, capacity 273632K, committed 273728K, reserved 1273856K
  class space    used 47820K, capacity 49972K, committed 50048K, reserved 1048576K
}
Event: 5933.638 GC heap before
{Heap before GC invocations=76 (full 15):
 PSYoungGen      total 286720K, used 62452K [0x00000000eab00000, 0x0000000100000000, 0x0000000100000000)
  eden space 224256K, 0% used [0x00000000eab00000,0x00000000eab00000,0x00000000f8600000)
  from space 62464K, 99% used [0x00000000f8600000,0x00000000fc2fd330,0x00000000fc300000)
  to   space 62464K, 0% used [0x00000000fc300000,0x00000000fc300000,0x0000000100000000)
 ParOldGen       total 267776K, used 253281K [0x00000000c0000000, 0x00000000d0580000, 0x00000000eab00000)
  object space 267776K, 94% used [0x00000000c0000000,0x00000000cf7587e8,0x00000000d0580000)
 Metaspace       used 264923K, capacity 273632K, committed 273728K, reserved 1273856K
  class space    used 47820K, capacity 49972K, committed 50048K, reserved 1048576K
Event: 5934.273 GC heap after
Heap after GC invocations=76 (full 15):
 PSYoungGen      total 286720K, used 0K [0x00000000eab00000, 0x0000000100000000, 0x0000000100000000)
  eden space 224256K, 0% used [0x00000000eab00000,0x00000000eab00000,0x00000000f8600000)
  from space 62464K, 0% used [0x00000000f8600000,0x00000000f8600000,0x00000000fc300000)
  to   space 62464K, 0% used [0x00000000fc300000,0x00000000fc300000,0x0000000100000000)
 ParOldGen       total 449024K, used 218179K [0x00000000c0000000, 0x00000000db680000, 0x00000000eab00000)
  object space 449024K, 48% used [0x00000000c0000000,0x00000000cd510ca0,0x00000000db680000)
 Metaspace       used 256315K, capacity 262194K, committed 273728K, reserved 1273856K
  class space    used 46545K, capacity 47840K, committed 50048K, reserved 1048576K
}

